<?xml version="1.0" encoding="UTF-8"?>
<!-- Generated by org.testng.reporters.JUnitReportReporter -->
<testsuite skipped="0" hostname="LAPTOP-ORI8JR52" name="com.w2a.API_Automation.testCases.TestCreateUserAPI" tests="3" failures="0" timestamp="2020-04-12T11:29:24 IST" time="7.771" errors="0">
  <testcase name="validateCreateUserAPIWithValidData" time="1.870" classname="com.w2a.API_Automation.testCases.TestCreateUserAPI"/>
  <testcase name="validateCreateUserAPIWithValidData" time="4.080" classname="com.w2a.API_Automation.testCases.TestCreateUserAPI"/>
  <testcase name="validateCreateUserAPIWithValidData" time="1.821" classname="com.w2a.API_Automation.testCases.TestCreateUserAPI"/>
</testsuite> <!-- com.w2a.API_Automation.testCases.TestCreateUserAPI -->
